<?xml version="1.0" encoding="UTF-8"?>
<!-- Generated by org.testng.reporters.JUnitXMLReporter -->
<testsuite ignored="0" hostname="PE-HO-012" failures="0" tests="5" name="Test" time="121.165" errors="0" timestamp="2022-10-03T08:41:49 COT">
  <testcase classname="run.Run" name="seleccionarPrimerProducto" time="27.902"/>
  <testcase classname="run.Run" name="crearCuenta" time="13.809"/>
  <testcase classname="run.Run" name="alertsTools" time="40.737"/>
  <testcase classname="run.Run" name="dateTools" time="15.825"/>
  <testcase classname="run.Run" name="mercuryTours" time="17.543"/>
</testsuite> <!-- Test -->
