<?xml version="1.0" encoding="UTF-8"?>
<!-- Generated by org.testng.reporters.JUnitXMLReporter -->
<testsuite ignored="0" hostname="PE-HO-012" failures="0" tests="5" name="Test" time="21.352" errors="0" timestamp="2022-10-20T11:43:03 COT">
  <testcase classname="run.Run" name="seleccionarPrimerProducto" time="0.009"/>
  <testcase classname="run.Run" name="crearCuenta" time="0.004"/>
  <testcase classname="run.Run" name="alertsTools" time="0.002"/>
  <testcase classname="run.Run" name="dateTools" time="18.783"/>
  <testcase classname="run.Run" name="mercuryTours" time="0.005"/>
</testsuite> <!-- Test -->
